<?xml version="1.0" encoding="UTF-8"?>
<testsuite name="com.example.demo.DemoApplicationTests" tests="1" skipped="0" failures="0" errors="0" timestamp="2020-07-28T14:53:10" hostname="keullaeseu101ui-MacBookPro-88.local" time="0.012">
  <properties/>
  <testcase name="contextLoads()" classname="com.example.demo.DemoApplicationTests" time="0.012"/>
  <system-out><![CDATA[2020-07-28 23:53:09.564  INFO 46799 --- [    Test worker] .b.t.c.SpringBootTestContextBootstrapper : Neither @ContextConfiguration nor @ContextHierarchy found for test class [com.example.demo.DemoApplicationTests], using SpringBootContextLoader
2020-07-28 23:53:09.565  INFO 46799 --- [    Test worker] o.s.t.c.support.AbstractContextLoader    : Could not detect default resource locations for test class [com.example.demo.DemoApplicationTests]: no resource found for suffixes {-context.xml, Context.groovy}.
2020-07-28 23:53:09.566  INFO 46799 --- [    Test worker] t.c.s.AnnotationConfigContextLoaderUtils : Could not detect default configuration classes for test class [com.example.demo.DemoApplicationTests]: DemoApplicationTests does not declare any static, non-private, non-final, nested classes annotated with @Configuration.
2020-07-28 23:53:09.575  INFO 46799 --- [    Test worker] .b.t.c.SpringBootTestContextBootstrapper : Found @SpringBootConfiguration com.example.demo.DemoApplication for test class com.example.demo.DemoApplicationTests
2020-07-28 23:53:09.577  INFO 46799 --- [    Test worker] .b.t.c.SpringBootTestContextBootstrapper : Loaded default TestExecutionListener class names from location [META-INF/spring.factories]: [com.ninjasquad.springmockk.MockkTestExecutionListener, com.ninjasquad.springmockk.ClearMocksTestExecutionListener, org.springframework.boot.test.autoconfigure.restdocs.RestDocsTestExecutionListener, org.springframework.boot.test.autoconfigure.web.client.MockRestServiceServerResetTestExecutionListener, org.springframework.boot.test.autoconfigure.web.servlet.MockMvcPrintOnlyOnFailureTestExecutionListener, org.springframework.boot.test.autoconfigure.web.servlet.WebDriverTestExecutionListener, org.springframework.boot.test.autoconfigure.webservices.client.MockWebServiceServerTestExecutionListener, org.springframework.boot.test.mock.mockito.MockitoTestExecutionListener, org.springframework.boot.test.mock.mockito.ResetMocksTestExecutionListener, org.springframework.test.context.web.ServletTestExecutionListener, org.springframework.test.context.support.DirtiesContextBeforeModesTestExecutionListener, org.springframework.test.context.support.DependencyInjectionTestExecutionListener, org.springframework.test.context.support.DirtiesContextTestExecutionListener, org.springframework.test.context.transaction.TransactionalTestExecutionListener, org.springframework.test.context.jdbc.SqlScriptsTestExecutionListener, org.springframework.test.context.event.EventPublishingTestExecutionListener]
2020-07-28 23:53:09.578  INFO 46799 --- [    Test worker] .b.t.c.SpringBootTestContextBootstrapper : Using TestExecutionListeners: [org.springframework.test.context.web.ServletTestExecutionListener@3de8a49b, org.springframework.test.context.support.DirtiesContextBeforeModesTestExecutionListener@5f633c33, com.ninjasquad.springmockk.MockkTestExecutionListener@5fd07f84, org.springframework.boot.test.mock.mockito.MockitoTestExecutionListener@1ce117b9, org.springframework.boot.test.autoconfigure.SpringBootDependencyInjectionTestExecutionListener@6455a4c2, org.springframework.test.context.support.DirtiesContextTestExecutionListener@22918edf, org.springframework.test.context.transaction.TransactionalTestExecutionListener@7ee1f956, org.springframework.test.context.jdbc.SqlScriptsTestExecutionListener@6aa975ec, org.springframework.test.context.event.EventPublishingTestExecutionListener@2313bfcf, com.ninjasquad.springmockk.ClearMocksTestExecutionListener@d5a3a04, org.springframework.boot.test.autoconfigure.restdocs.RestDocsTestExecutionListener@7c0059b0, org.springframework.boot.test.autoconfigure.web.client.MockRestServiceServerResetTestExecutionListener@5d2745c9, org.springframework.boot.test.autoconfigure.web.servlet.MockMvcPrintOnlyOnFailureTestExecutionListener@63f46465, org.springframework.boot.test.autoconfigure.web.servlet.WebDriverTestExecutionListener@3fa2f805, org.springframework.boot.test.autoconfigure.webservices.client.MockWebServiceServerTestExecutionListener@4111fb98, org.springframework.boot.test.mock.mockito.ResetMocksTestExecutionListener@267fe77e]

  .   ____          _            __ _ _
 /\\ / ___'_ __ _ _(_)_ __  __ _ \ \ \ \
( ( )\___ | '_ | '_| | '_ \/ _` | \ \ \ \
 \\/  ___)| |_)| | | | | || (_| |  ) ) ) )
  '  |____| .__|_| |_|_| |_\__, | / / / /
 =========|_|==============|___/=/_/_/_/
 :: Spring Boot ::        (v2.3.2.RELEASE)

2020-07-28 23:53:09.605  INFO 46799 --- [    Test worker] com.example.demo.DemoApplicationTests    : Starting DemoApplicationTests on keullaeseu101ui-MacBookPro-88.local with PID 46799 (started by K in /Users/K/workspace/personal/comparison-testing-library/kotlintest-testing)
2020-07-28 23:53:09.606  INFO 46799 --- [    Test worker] com.example.demo.DemoApplicationTests    : No active profile set, falling back to default profiles: default
2020-07-28 23:53:09.819  INFO 46799 --- [    Test worker] .s.d.r.c.RepositoryConfigurationDelegate : Bootstrapping Spring Data JPA repositories in DEFERRED mode.
2020-07-28 23:53:09.837  INFO 46799 --- [    Test worker] .s.d.r.c.RepositoryConfigurationDelegate : Finished Spring Data repository scanning in 17ms. Found 1 JPA repository interfaces.
2020-07-28 23:53:10.066  INFO 46799 --- [    Test worker] o.s.s.concurrent.ThreadPoolTaskExecutor  : Initializing ExecutorService 'applicationTaskExecutor'
2020-07-28 23:53:10.070  INFO 46799 --- [    Test worker] com.zaxxer.hikari.HikariDataSource       : HikariPool-1 - Starting...
2020-07-28 23:53:10.091  INFO 46799 --- [    Test worker] com.zaxxer.hikari.HikariDataSource       : HikariPool-1 - Start completed.
2020-07-28 23:53:10.117  INFO 46799 --- [         task-1] o.hibernate.jpa.internal.util.LogHelper  : HHH000204: Processing PersistenceUnitInfo [name: default]
2020-07-28 23:53:10.124  INFO 46799 --- [         task-1] org.hibernate.dialect.Dialect            : HHH000400: Using dialect: org.hibernate.dialect.H2Dialect
2020-07-28 23:53:10.145  INFO 46799 --- [         task-1] o.h.e.t.j.p.i.JtaPlatformInitiator       : HHH000490: Using JtaPlatform implementation: [org.hibernate.engine.transaction.jta.platform.internal.NoJtaPlatform]
2020-07-28 23:53:10.145  INFO 46799 --- [         task-1] j.LocalContainerEntityManagerFactoryBean : Initialized JPA EntityManagerFactory for persistence unit 'default'
2020-07-28 23:53:10.302  WARN 46799 --- [    Test worker] JpaBaseConfiguration$JpaWebConfiguration : spring.jpa.open-in-view is enabled by default. Therefore, database queries may be performed during view rendering. Explicitly configure spring.jpa.open-in-view to disable this warning
2020-07-28 23:53:10.626  INFO 46799 --- [    Test worker] DeferredRepositoryInitializationListener : Triggering deferred initialization of Spring Data repositories…
2020-07-28 23:53:10.674  INFO 46799 --- [    Test worker] DeferredRepositoryInitializationListener : Spring Data repositories initialized!
2020-07-28 23:53:10.678  INFO 46799 --- [    Test worker] com.example.demo.DemoApplicationTests    : Started DemoApplicationTests in 1.089 seconds (JVM running for 9.87)
]]></system-out>
  <system-err><![CDATA[]]></system-err>
</testsuite>
